{"level":"info","message":"Server will run on port: 3000","timestamp":"2024-10-01T13:46:49.526Z"}
{"level":"info","message":"Database connected successfully","timestamp":"2024-10-01T13:46:49.544Z"}
{"level":"info","message":"Server will run on port: 3000","timestamp":"2024-10-01T13:48:17.324Z"}
{"level":"info","message":"Database connected successfully","timestamp":"2024-10-01T13:48:17.347Z"}
{"level":"info","message":"Server will run on port: 3000","timestamp":"2024-10-01T13:49:06.771Z"}
{"level":"info","message":"Database connected successfully","timestamp":"2024-10-01T13:49:06.796Z"}
{"level":"info","message":"Server will run on port: 3000","timestamp":"2024-10-01T13:49:16.021Z"}
{"level":"info","message":"Database connected successfully","timestamp":"2024-10-01T13:49:16.050Z"}
{"level":"info","message":"Server will run on port: 3000","timestamp":"2024-10-01T13:49:24.603Z"}
{"level":"info","message":"Database connected successfully","timestamp":"2024-10-01T13:49:24.624Z"}
{"level":"info","message":"Server will run on port: 3000","timestamp":"2024-10-01T13:50:26.373Z"}
{"level":"info","message":"Database connected successfully","timestamp":"2024-10-01T13:50:26.393Z"}
{"level":"info","message":"Server will run on port: 3000","timestamp":"2024-10-01T13:51:03.423Z"}
{"level":"info","message":"Database connected successfully","timestamp":"2024-10-01T13:51:03.438Z"}
{"level":"info","message":"Server will run on port: 3002","timestamp":"2024-10-01T13:51:53.053Z"}
{"level":"info","message":"Database connected successfully","timestamp":"2024-10-01T13:51:53.070Z"}
{"level":"info","message":"Server running on http://localhost:3002","timestamp":"2024-10-01T13:52:03.109Z"}
{"level":"info","message":"Server will run on port: 3000","timestamp":"2024-10-01T13:54:41.611Z"}
{"level":"info","message":"Database connected successfully","timestamp":"2024-10-01T13:54:41.624Z"}
{"level":"info","message":"Server will run on port: 3000","timestamp":"2024-10-01T13:54:49.549Z"}
{"level":"info","message":"Database connected successfully","timestamp":"2024-10-01T13:54:49.564Z"}
{"level":"info","message":"Server will run on port: 3002","timestamp":"2024-10-01T13:55:35.664Z"}
{"level":"info","message":"Database connected successfully","timestamp":"2024-10-01T13:55:35.682Z"}
{"level":"info","message":"Server running on http://localhost:3002","timestamp":"2024-10-01T13:55:45.709Z"}
{"level":"info","message":"Server will run on port: 3000","timestamp":"2024-10-01T13:56:24.689Z"}
{"level":"info","message":"Database connected successfully","timestamp":"2024-10-01T13:56:24.709Z"}
{"level":"info","message":"Server will run on port: 3000","timestamp":"2024-10-03T12:04:04.932Z"}
{"level":"info","message":"Database connected successfully","timestamp":"2024-10-03T12:04:04.937Z"}
{"level":"info","message":"Server running on http://localhost:3000","timestamp":"2024-10-03T12:04:14.955Z"}
{"level":"info","message":"Server will run on port: 3000","timestamp":"2024-10-03T12:04:37.953Z"}
{"level":"info","message":"Database connected successfully","timestamp":"2024-10-03T12:04:37.963Z"}
{"level":"info","message":"Server running on http://localhost:3000","timestamp":"2024-10-03T12:04:47.979Z"}
{"level":"info","message":"Server will run on port: 3000","timestamp":"2024-10-03T12:04:55.831Z"}
{"level":"info","message":"Database connected successfully","timestamp":"2024-10-03T12:04:55.837Z"}
{"level":"info","message":"Server running on http://localhost:3000","timestamp":"2024-10-03T12:05:05.865Z"}
{"level":"info","message":"Server will run on port: 3000","timestamp":"2024-10-03T12:06:42.651Z"}
{"level":"info","message":"Database connected successfully","timestamp":"2024-10-03T12:06:42.659Z"}
{"level":"info","message":"Server running on http://localhost:3000","timestamp":"2024-10-03T12:06:52.695Z"}
{"level":"info","message":"Server will run on port: 3000","timestamp":"2024-10-03T12:07:55.040Z"}
{"level":"info","message":"Database connected successfully","timestamp":"2024-10-03T12:07:55.049Z"}
{"level":"info","message":"Server running on http://localhost:3000","timestamp":"2024-10-03T12:08:05.065Z"}
{"level":"info","message":"Server will run on port: 3000","timestamp":"2024-10-03T12:10:12.932Z"}
{"level":"error","message":"Database connection failed: Can't call `openUri()` on an active connection with different connection strings. Make sure you aren't calling `mongoose.connect()` multiple times. See: https://mongoosejs.com/docs/connections.html#multiple_connections","timestamp":"2024-10-03T12:10:12.943Z"}
{"level":"info","message":"Server running on http://localhost:3000","timestamp":"2024-10-03T12:10:13.145Z"}
{"level":"info","message":"Server will run on port: 3000","timestamp":"2024-10-03T12:12:46.042Z"}
{"level":"info","message":"Server running on http://localhost:3000","timestamp":"2024-10-03T12:12:46.051Z"}
{"level":"error","message":"Database connection failed: Can't call `openUri()` on an active connection with different connection strings. Make sure you aren't calling `mongoose.connect()` multiple times. See: https://mongoosejs.com/docs/connections.html#multiple_connections","timestamp":"2024-10-03T12:12:46.052Z"}
{"level":"info","message":"Server will run on port: 3000","timestamp":"2024-10-03T12:14:05.417Z"}
{"level":"error","message":"Database connection failed: Can't call `openUri()` on an active connection with different connection strings. Make sure you aren't calling `mongoose.connect()` multiple times. See: https://mongoosejs.com/docs/connections.html#multiple_connections","timestamp":"2024-10-03T12:14:05.427Z"}
{"level":"info","message":"Server will run on port: 3000","timestamp":"2024-10-03T12:17:41.689Z"}
{"level":"info","message":"Server will run on port: 3000","timestamp":"2024-10-03T12:18:01.767Z"}
{"level":"error","message":"Database connection failed: Can't call `openUri()` on an active connection with different connection strings. Make sure you aren't calling `mongoose.connect()` multiple times. See: https://mongoosejs.com/docs/connections.html#multiple_connections","timestamp":"2024-10-03T12:18:01.775Z"}
{"level":"info","message":"Server will run on port: 3000","timestamp":"2024-10-03T12:18:09.951Z"}
{"level":"info","message":"Database connected successfully","timestamp":"2024-10-03T12:18:09.957Z"}
{"level":"info","message":"Server will run on port: 3000","timestamp":"2024-10-03T12:18:44.678Z"}
{"level":"error","message":"Database connection failed: Can't call `openUri()` on an active connection with different connection strings. Make sure you aren't calling `mongoose.connect()` multiple times. See: https://mongoosejs.com/docs/connections.html#multiple_connections","timestamp":"2024-10-03T12:18:44.685Z"}
{"level":"error","message":"Database connection failed: Can't call `openUri()` on an active connection with different connection strings. Make sure you aren't calling `mongoose.connect()` multiple times. See: https://mongoosejs.com/docs/connections.html#multiple_connections","timestamp":"2024-10-03T12:19:02.662Z"}
{"level":"info","message":"Server will run on port: 3000","timestamp":"2024-10-03T12:19:52.131Z"}
{"level":"error","message":"Database connection failed: Can't call `openUri()` on an active connection with different connection strings. Make sure you aren't calling `mongoose.connect()` multiple times. See: https://mongoosejs.com/docs/connections.html#multiple_connections","timestamp":"2024-10-03T12:19:52.143Z"}
{"level":"info","message":"Server will run on port: 3000","timestamp":"2024-10-03T12:20:06.761Z"}
{"level":"error","message":"Database connection failed: Can't call `openUri()` on an active connection with different connection strings. Make sure you aren't calling `mongoose.connect()` multiple times. See: https://mongoosejs.com/docs/connections.html#multiple_connections","timestamp":"2024-10-03T12:20:06.771Z"}
{"level":"info","message":"Server running on http://localhost:3000","timestamp":"2024-10-03T12:20:06.872Z"}
{"level":"info","message":"Server will run on port: 3000","timestamp":"2024-10-03T12:20:33.794Z"}
{"level":"error","message":"Database connection failed: Can't call `openUri()` on an active connection with different connection strings. Make sure you aren't calling `mongoose.connect()` multiple times. See: https://mongoosejs.com/docs/connections.html#multiple_connections","timestamp":"2024-10-03T12:20:33.809Z"}
{"level":"info","message":"Server running on http://localhost:3000","timestamp":"2024-10-03T12:20:33.906Z"}
{"level":"info","message":"Server will run on port: 3000","timestamp":"2024-10-03T12:20:46.428Z"}
{"level":"error","message":"Database connection failed: Can't call `openUri()` on an active connection with different connection strings. Make sure you aren't calling `mongoose.connect()` multiple times. See: https://mongoosejs.com/docs/connections.html#multiple_connections","timestamp":"2024-10-03T12:20:46.436Z"}
{"level":"info","message":"Server running on http://localhost:3000","timestamp":"2024-10-03T12:20:46.558Z"}
{"level":"info","message":"Server will run on port: 3000","timestamp":"2024-10-03T12:20:55.206Z"}
{"level":"info","message":"Database connected successfully","timestamp":"2024-10-03T12:20:55.215Z"}
{"level":"info","message":"Server will run on port: 3000","timestamp":"2024-10-03T12:21:27.631Z"}
{"level":"error","message":"Database connection failed: Can't call `openUri()` on an active connection with different connection strings. Make sure you aren't calling `mongoose.connect()` multiple times. See: https://mongoosejs.com/docs/connections.html#multiple_connections","timestamp":"2024-10-03T12:21:27.639Z"}
{"level":"info","message":"Server will run on port: 3000","timestamp":"2024-10-03T12:21:43.290Z"}
{"level":"error","message":"Database connection failed: Can't call `openUri()` on an active connection with different connection strings. Make sure you aren't calling `mongoose.connect()` multiple times. See: https://mongoosejs.com/docs/connections.html#multiple_connections","timestamp":"2024-10-03T12:21:43.301Z"}
{"level":"info","message":"Server will run on port: 3000","timestamp":"2024-10-03T12:21:56.257Z"}
{"level":"error","message":"Database connection failed: Can't call `openUri()` on an active connection with different connection strings. Make sure you aren't calling `mongoose.connect()` multiple times. See: https://mongoosejs.com/docs/connections.html#multiple_connections","timestamp":"2024-10-03T12:21:56.267Z"}
{"level":"info","message":"Server will run on port: 3000","timestamp":"2024-10-03T12:22:16.071Z"}
{"level":"error","message":"Database connection failed: Can't call `openUri()` on an active connection with different connection strings. Make sure you aren't calling `mongoose.connect()` multiple times. See: https://mongoosejs.com/docs/connections.html#multiple_connections","timestamp":"2024-10-03T12:22:16.078Z"}
{"level":"info","message":"Server will run on port: 3000","timestamp":"2024-10-03T12:22:19.844Z"}
{"level":"error","message":"Database connection failed: Can't call `openUri()` on an active connection with different connection strings. Make sure you aren't calling `mongoose.connect()` multiple times. See: https://mongoosejs.com/docs/connections.html#multiple_connections","timestamp":"2024-10-03T12:22:19.851Z"}
{"level":"info","message":"Server will run on port: 3000","timestamp":"2024-10-03T12:22:25.377Z"}
{"level":"error","message":"Database connection failed: Can't call `openUri()` on an active connection with different connection strings. Make sure you aren't calling `mongoose.connect()` multiple times. See: https://mongoosejs.com/docs/connections.html#multiple_connections","timestamp":"2024-10-03T12:22:25.385Z"}
{"level":"info","message":"Server will run on port: 3000","timestamp":"2024-10-03T12:22:34.445Z"}
{"level":"error","message":"Database connection failed: Can't call `openUri()` on an active connection with different connection strings. Make sure you aren't calling `mongoose.connect()` multiple times. See: https://mongoosejs.com/docs/connections.html#multiple_connections","timestamp":"2024-10-03T12:22:34.453Z"}
{"level":"info","message":"Server will run on port: 3000","timestamp":"2024-10-03T12:23:13.184Z"}
{"level":"info","message":"Database connected successfully","timestamp":"2024-10-03T12:23:13.191Z"}
{"level":"info","message":"Server will run on port: 3000","timestamp":"2024-10-03T12:23:16.878Z"}
{"level":"info","message":"Database connected successfully","timestamp":"2024-10-03T12:23:16.885Z"}
{"level":"info","message":"Server will run on port: 3000","timestamp":"2024-10-03T12:23:19.776Z"}
{"level":"info","message":"Database connected successfully","timestamp":"2024-10-03T12:23:19.784Z"}
{"level":"info","message":"Server will run on port: 3000","timestamp":"2024-10-03T12:23:23.538Z"}
{"level":"error","message":"Database connection failed: Can't call `openUri()` on an active connection with different connection strings. Make sure you aren't calling `mongoose.connect()` multiple times. See: https://mongoosejs.com/docs/connections.html#multiple_connections","timestamp":"2024-10-03T12:23:23.548Z"}
{"level":"info","message":"Server will run on port: 3000","timestamp":"2024-10-03T12:23:26.505Z"}
{"level":"info","message":"Database connected successfully","timestamp":"2024-10-03T12:23:26.511Z"}
{"level":"info","message":"Server running on http://localhost:3000","timestamp":"2024-10-03T12:23:36.524Z"}
{"level":"info","message":"Server will run on port: 3000","timestamp":"2024-10-03T12:23:39.286Z"}
{"level":"error","message":"Database connection failed: Can't call `openUri()` on an active connection with different connection strings. Make sure you aren't calling `mongoose.connect()` multiple times. See: https://mongoosejs.com/docs/connections.html#multiple_connections","timestamp":"2024-10-03T12:23:39.296Z"}
{"level":"info","message":"Server running on http://localhost:3000","timestamp":"2024-10-03T12:23:39.443Z"}
{"level":"info","message":"Server will run on port: 3000","timestamp":"2024-10-03T12:23:43.570Z"}
{"level":"error","message":"Database connection failed: Can't call `openUri()` on an active connection with different connection strings. Make sure you aren't calling `mongoose.connect()` multiple times. See: https://mongoosejs.com/docs/connections.html#multiple_connections","timestamp":"2024-10-03T12:23:43.579Z"}
{"level":"info","message":"Server running on http://localhost:3000","timestamp":"2024-10-03T12:23:43.677Z"}
{"level":"info","message":"Server will run on port: 3000","timestamp":"2024-10-03T12:23:56.076Z"}
{"level":"error","message":"Database connection failed: Can't call `openUri()` on an active connection with different connection strings. Make sure you aren't calling `mongoose.connect()` multiple times. See: https://mongoosejs.com/docs/connections.html#multiple_connections","timestamp":"2024-10-03T12:23:56.084Z"}
{"level":"info","message":"Server running on http://localhost:3000","timestamp":"2024-10-03T12:23:56.181Z"}
{"level":"info","message":"Incoming request: POST /api/login","timestamp":"2024-10-03T12:24:29.066Z"}
{"level":"info","message":"Server will run on port: 3000","timestamp":"2024-10-03T12:26:30.406Z"}
{"level":"info","message":"Database connected successfully","timestamp":"2024-10-03T12:26:30.412Z"}
{"level":"info","message":"Server running on http://localhost:3000","timestamp":"2024-10-03T12:26:40.437Z"}
{"level":"info","message":"Server will run on port: 3000","timestamp":"2024-10-03T12:33:22.545Z"}
{"level":"error","message":"Database connection failed: Can't call `openUri()` on an active connection with different connection strings. Make sure you aren't calling `mongoose.connect()` multiple times. See: https://mongoosejs.com/docs/connections.html#multiple_connections","timestamp":"2024-10-03T12:33:22.560Z"}
{"level":"info","message":"Server will run on port: 3000","timestamp":"2024-10-03T12:33:26.460Z"}
{"level":"error","message":"Database connection failed: Can't call `openUri()` on an active connection with different connection strings. Make sure you aren't calling `mongoose.connect()` multiple times. See: https://mongoosejs.com/docs/connections.html#multiple_connections","timestamp":"2024-10-03T12:33:26.474Z"}
{"level":"info","message":"Server will run on port: 3000","timestamp":"2024-10-03T12:33:39.270Z"}
{"level":"error","message":"Database connection failed: Can't call `openUri()` on an active connection with different connection strings. Make sure you aren't calling `mongoose.connect()` multiple times. See: https://mongoosejs.com/docs/connections.html#multiple_connections","timestamp":"2024-10-03T12:33:39.285Z"}
{"level":"info","message":"Server will run on port: 3000","timestamp":"2024-10-03T12:33:48.514Z"}
{"level":"error","message":"Database connection failed: Can't call `openUri()` on an active connection with different connection strings. Make sure you aren't calling `mongoose.connect()` multiple times. See: https://mongoosejs.com/docs/connections.html#multiple_connections","timestamp":"2024-10-03T12:33:48.526Z"}
{"level":"info","message":"Server running on http://localhost:3000","timestamp":"2024-10-03T12:33:58.549Z"}
{"level":"info","message":"Server will run on port: 3000","timestamp":"2024-10-03T12:36:22.197Z"}
{"level":"error","message":"Database connection failed: Can't call `openUri()` on an active connection with different connection strings. Make sure you aren't calling `mongoose.connect()` multiple times. See: https://mongoosejs.com/docs/connections.html#multiple_connections","timestamp":"2024-10-03T12:36:22.205Z"}
{"level":"info","message":"Server running on http://localhost:3000","timestamp":"2024-10-03T12:36:32.234Z"}
{"level":"info","message":"Server will run on port: 3000","timestamp":"2024-10-03T12:36:50.093Z"}
{"level":"error","message":"Database connection failed: Can't call `openUri()` on an active connection with different connection strings. Make sure you aren't calling `mongoose.connect()` multiple times. See: https://mongoosejs.com/docs/connections.html#multiple_connections","timestamp":"2024-10-03T12:36:50.103Z"}
{"level":"info","message":"Server running on http://localhost:3000","timestamp":"2024-10-03T12:37:00.120Z"}
{"level":"info","message":"Server will run on port: 3000","timestamp":"2024-10-03T12:37:23.568Z"}
{"level":"error","message":"Database connection failed: Can't call `openUri()` on an active connection with different connection strings. Make sure you aren't calling `mongoose.connect()` multiple times. See: https://mongoosejs.com/docs/connections.html#multiple_connections","timestamp":"2024-10-03T12:37:23.578Z"}
{"level":"info","message":"Server running on http://localhost:3000","timestamp":"2024-10-03T12:37:33.624Z"}
{"level":"info","message":"Server will run on port: 3000","timestamp":"2024-10-03T12:38:05.908Z"}
{"level":"info","message":"Database connected successfully","timestamp":"2024-10-03T12:38:05.930Z"}
{"level":"info","message":"Server running on http://localhost:3000","timestamp":"2024-10-03T12:38:15.959Z"}
{"level":"info","message":"Server will run on port: 3000","timestamp":"2024-10-03T12:39:46.398Z"}
{"level":"info","message":"Database connected successfully","timestamp":"2024-10-03T12:39:46.406Z"}
{"level":"info","message":"Server will run on port: 3000","timestamp":"2024-10-03T12:44:41.514Z"}
{"level":"info","message":"Database connected successfully","timestamp":"2024-10-03T12:44:41.525Z"}
{"level":"info","message":"Server will run on port: 3002","timestamp":"2024-10-03T12:46:26.202Z"}
{"level":"info","message":"Database connected successfully","timestamp":"2024-10-03T12:46:26.218Z"}
{"level":"info","message":"Server running on http://localhost:3002","timestamp":"2024-10-03T12:46:26.383Z"}
{"level":"info","message":"Server will run on port: 3002","timestamp":"2024-10-03T13:05:29.768Z"}
{"level":"info","message":"Database connected successfully","timestamp":"2024-10-03T13:05:29.834Z"}
{"level":"info","message":"Server running on http://localhost:3002","timestamp":"2024-10-03T13:05:30.025Z"}
{"level":"info","message":"Server will run on port: 3002","timestamp":"2024-10-03T13:05:49.843Z"}
{"level":"info","message":"Database connected successfully","timestamp":"2024-10-03T13:05:49.872Z"}
{"level":"info","message":"Server running on http://localhost:3002","timestamp":"2024-10-03T13:05:50.209Z"}
{"level":"info","message":"Server will run on port: 3002","timestamp":"2024-10-03T13:08:30.217Z"}
{"level":"info","message":"Database connected successfully","timestamp":"2024-10-03T13:08:30.231Z"}
{"level":"info","message":"Server running on http://localhost:3002","timestamp":"2024-10-03T13:08:30.432Z"}
{"level":"info","message":"Server will run on port: 3002","timestamp":"2024-10-03T13:09:44.212Z"}
{"level":"info","message":"Database connected successfully","timestamp":"2024-10-03T13:09:44.242Z"}
{"level":"info","message":"Server running on http://localhost:3002","timestamp":"2024-10-03T13:09:44.575Z"}
{"level":"info","message":"Server will run on port: 3002","timestamp":"2024-10-03T13:09:56.280Z"}
{"level":"info","message":"Server running on http://localhost:3002","timestamp":"2024-10-03T13:09:56.294Z"}
{"level":"info","message":"Database connected successfully","timestamp":"2024-10-03T13:09:56.296Z"}
{"level":"info","message":"Server will run on port: 3002","timestamp":"2024-10-03T13:10:10.109Z"}
{"level":"info","message":"Server running on http://localhost:3002","timestamp":"2024-10-03T13:10:10.122Z"}
{"level":"info","message":"Database connected successfully","timestamp":"2024-10-03T13:10:10.181Z"}
{"level":"info","message":"Server will run on port: 3002","timestamp":"2024-10-03T13:10:36.397Z"}
{"level":"info","message":"Server running on http://localhost:3002","timestamp":"2024-10-03T13:10:36.422Z"}
{"level":"info","message":"Database connected successfully","timestamp":"2024-10-03T13:10:36.426Z"}
{"level":"info","message":"Server will run on port: 3002","timestamp":"2024-10-03T13:10:45.794Z"}
{"level":"info","message":"Server running on http://localhost:3002","timestamp":"2024-10-03T13:10:45.805Z"}
{"level":"info","message":"Database connected successfully","timestamp":"2024-10-03T13:10:45.851Z"}
{"level":"info","message":"Server will run on port: 3002","timestamp":"2024-10-03T13:10:51.072Z"}
{"level":"info","message":"Server running on http://localhost:3002","timestamp":"2024-10-03T13:10:51.083Z"}
{"level":"info","message":"Database connected successfully","timestamp":"2024-10-03T13:10:51.133Z"}
{"level":"info","message":"Server will run on port: 3002","timestamp":"2024-10-03T13:11:35.665Z"}
{"level":"info","message":"Server running on http://localhost:3002","timestamp":"2024-10-03T13:11:35.680Z"}
{"level":"info","message":"Database connected successfully","timestamp":"2024-10-03T13:11:35.737Z"}
{"level":"info","message":"Server will run on port: 3002","timestamp":"2024-10-03T13:11:48.930Z"}
{"level":"info","message":"Server running on http://localhost:3002","timestamp":"2024-10-03T13:11:48.966Z"}
{"level":"info","message":"Database connected successfully","timestamp":"2024-10-03T13:11:48.980Z"}
{"level":"info","message":"Server will run on port: 3002","timestamp":"2024-10-03T13:12:03.820Z"}
{"level":"info","message":"Server running on http://localhost:3002","timestamp":"2024-10-03T13:12:03.832Z"}
{"level":"info","message":"Database connected successfully","timestamp":"2024-10-03T13:12:03.835Z"}
{"level":"info","message":"Server will run on port: 3002","timestamp":"2024-10-03T13:12:13.755Z"}
{"level":"info","message":"Server running on http://localhost:3002","timestamp":"2024-10-03T13:12:13.796Z"}
{"level":"info","message":"Database connected successfully","timestamp":"2024-10-03T13:12:13.808Z"}
{"level":"info","message":"Server will run on port: 3002","timestamp":"2024-10-03T13:12:29.099Z"}
{"level":"info","message":"Server running on http://localhost:3002","timestamp":"2024-10-03T13:12:29.113Z"}
{"level":"info","message":"Database connected successfully","timestamp":"2024-10-03T13:12:29.115Z"}
{"level":"info","message":"Server will run on port: 3002","timestamp":"2024-10-03T13:12:38.452Z"}
{"level":"info","message":"Server running on http://localhost:3002","timestamp":"2024-10-03T13:12:38.473Z"}
{"level":"info","message":"Database connected successfully","timestamp":"2024-10-03T13:12:38.474Z"}
{"level":"info","message":"Server will run on port: 3002","timestamp":"2024-10-03T13:14:08.527Z"}
{"level":"info","message":"Server running on http://localhost:3002","timestamp":"2024-10-03T13:14:08.540Z"}
{"level":"info","message":"Database connected successfully","timestamp":"2024-10-03T13:14:08.541Z"}
{"level":"info","message":"Server will run on port: 3002","timestamp":"2024-10-03T13:14:21.842Z"}
{"level":"info","message":"Server running on http://localhost:3002","timestamp":"2024-10-03T13:14:21.860Z"}
{"level":"info","message":"Database connected successfully","timestamp":"2024-10-03T13:14:21.864Z"}
{"level":"info","message":"Server will run on port: 3002","timestamp":"2024-10-03T13:14:26.351Z"}
{"level":"info","message":"Server running on http://localhost:3002","timestamp":"2024-10-03T13:14:26.369Z"}
{"level":"info","message":"Database connected successfully","timestamp":"2024-10-03T13:14:26.371Z"}
{"level":"info","message":"Server will run on port: 3002","timestamp":"2024-10-03T13:14:35.033Z"}
{"level":"info","message":"Server running on http://localhost:3002","timestamp":"2024-10-03T13:14:35.042Z"}
{"level":"info","message":"Database connected successfully","timestamp":"2024-10-03T13:14:35.043Z"}
{"level":"info","message":"Server will run on port: 3002","timestamp":"2024-10-03T13:14:42.619Z"}
{"level":"info","message":"Server running on http://localhost:3002","timestamp":"2024-10-03T13:14:42.637Z"}
{"level":"info","message":"Database connected successfully","timestamp":"2024-10-03T13:14:42.639Z"}
{"level":"info","message":"Server will run on port: 3002","timestamp":"2024-10-03T13:14:50.386Z"}
{"level":"info","message":"Server running on http://localhost:3002","timestamp":"2024-10-03T13:14:50.399Z"}
{"level":"info","message":"Database connected successfully","timestamp":"2024-10-03T13:14:50.400Z"}
{"level":"info","message":"Server will run on port: 3002","timestamp":"2024-10-03T13:15:52.038Z"}
{"level":"info","message":"Server running on http://localhost:3002","timestamp":"2024-10-03T13:15:52.050Z"}
{"level":"info","message":"Database connected successfully","timestamp":"2024-10-03T13:15:52.051Z"}
{"level":"info","message":"Server will run on port: 3002","timestamp":"2024-10-03T13:16:33.962Z"}
{"level":"info","message":"Server running on http://localhost:3002","timestamp":"2024-10-03T13:16:33.973Z"}
{"level":"info","message":"Database connected successfully","timestamp":"2024-10-03T13:16:34.037Z"}
{"level":"info","message":"Server will run on port: 3002","timestamp":"2024-10-03T13:23:10.968Z"}
{"level":"info","message":"Server running on http://localhost:3002","timestamp":"2024-10-03T13:23:10.983Z"}
{"level":"info","message":"Database connected successfully","timestamp":"2024-10-03T13:23:11.037Z"}
{"level":"info","message":"Server will run on port: 3002","timestamp":"2024-10-03T13:23:15.331Z"}
{"level":"info","message":"Server running on http://localhost:3002","timestamp":"2024-10-03T13:23:15.340Z"}
{"level":"info","message":"Database connected successfully","timestamp":"2024-10-03T13:23:15.412Z"}
{"level":"info","message":"Server will run on port: 3002","timestamp":"2024-10-03T13:23:18.375Z"}
{"level":"info","message":"Server running on http://localhost:3002","timestamp":"2024-10-03T13:23:18.387Z"}
{"level":"info","message":"Database connected successfully","timestamp":"2024-10-03T13:23:18.471Z"}
{"level":"info","message":"Server will run on port: 3002","timestamp":"2024-10-03T13:23:22.930Z"}
{"level":"info","message":"Server running on http://localhost:3002","timestamp":"2024-10-03T13:23:22.940Z"}
{"level":"info","message":"Database connected successfully","timestamp":"2024-10-03T13:23:22.991Z"}
{"level":"info","message":"Server will run on port: 3002","timestamp":"2024-10-03T13:29:31.943Z"}
{"level":"info","message":"Server running on http://localhost:3002","timestamp":"2024-10-03T13:29:31.958Z"}
{"level":"info","message":"Database connected successfully","timestamp":"2024-10-03T13:29:32.056Z"}
{"level":"info","message":"Server will run on port: 3002","timestamp":"2024-10-03T13:29:43.917Z"}
{"level":"info","message":"Server running on http://localhost:3002","timestamp":"2024-10-03T13:29:43.941Z"}
{"level":"info","message":"Database connected successfully","timestamp":"2024-10-03T13:29:44.040Z"}
{"level":"info","message":"Server will run on port: 3002","timestamp":"2024-10-03T13:30:03.198Z"}
{"level":"info","message":"Server running on http://localhost:3002","timestamp":"2024-10-03T13:30:03.211Z"}
{"level":"info","message":"Database connected successfully","timestamp":"2024-10-03T13:30:03.291Z"}
{"level":"info","message":"Server will run on port: 3002","timestamp":"2024-10-03T13:30:06.440Z"}
{"level":"info","message":"Server running on http://localhost:3002","timestamp":"2024-10-03T13:30:06.454Z"}
{"level":"info","message":"Database connected successfully","timestamp":"2024-10-03T13:30:06.533Z"}
{"level":"info","message":"Server will run on port: 3002","timestamp":"2024-10-03T13:31:02.080Z"}
{"level":"info","message":"Server running on http://localhost:3002","timestamp":"2024-10-03T13:31:02.094Z"}
{"level":"info","message":"Database connected successfully","timestamp":"2024-10-03T13:31:02.155Z"}
{"level":"info","message":"Server will run on port: 3002","timestamp":"2024-10-03T13:31:11.553Z"}
{"level":"info","message":"Server running on http://localhost:3002","timestamp":"2024-10-03T13:31:11.567Z"}
{"level":"info","message":"Database connected successfully","timestamp":"2024-10-03T13:31:11.630Z"}
{"level":"info","message":"Server will run on port: 3002","timestamp":"2024-10-03T13:32:17.763Z"}
{"level":"info","message":"Server running on http://localhost:3002","timestamp":"2024-10-03T13:32:17.777Z"}
{"level":"info","message":"Database connected successfully","timestamp":"2024-10-03T13:32:17.839Z"}
{"level":"info","message":"Server will run on port: 3002","timestamp":"2024-10-03T13:34:27.089Z"}
{"level":"info","message":"Server running on http://localhost:3002","timestamp":"2024-10-03T13:34:27.100Z"}
{"level":"info","message":"Database connected successfully","timestamp":"2024-10-03T13:34:27.142Z"}
{"level":"info","message":"Server will run on port: 3002","timestamp":"2024-10-03T13:34:53.882Z"}
{"level":"info","message":"Server running on http://localhost:3002","timestamp":"2024-10-03T13:34:53.892Z"}
{"level":"info","message":"Database connected successfully","timestamp":"2024-10-03T13:34:53.944Z"}
{"level":"info","message":"Server will run on port: 3002","timestamp":"2024-10-03T13:35:39.573Z"}
{"level":"info","message":"Server running on http://localhost:3002","timestamp":"2024-10-03T13:35:39.586Z"}
{"level":"info","message":"Database connected successfully","timestamp":"2024-10-03T13:35:39.660Z"}
{"level":"info","message":"Server will run on port: 3002","timestamp":"2024-10-03T13:37:00.711Z"}
{"level":"info","message":"Server running on http://localhost:3002","timestamp":"2024-10-03T13:37:00.724Z"}
{"level":"info","message":"Database connected successfully","timestamp":"2024-10-03T13:37:00.783Z"}
{"level":"info","message":"Server will run on port: 3002","timestamp":"2024-10-03T13:37:11.266Z"}
{"level":"info","message":"Server running on http://localhost:3002","timestamp":"2024-10-03T13:37:11.280Z"}
{"level":"info","message":"Database connected successfully","timestamp":"2024-10-03T13:37:11.345Z"}
{"level":"info","message":"Server will run on port: 3002","timestamp":"2024-10-03T13:37:22.651Z"}
{"level":"info","message":"Server running on http://localhost:3002","timestamp":"2024-10-03T13:37:22.662Z"}
{"level":"info","message":"Database connected successfully","timestamp":"2024-10-03T13:37:22.718Z"}
{"level":"info","message":"Server will run on port: 3002","timestamp":"2024-10-03T13:37:49.604Z"}
{"level":"info","message":"Server running on http://localhost:3002","timestamp":"2024-10-03T13:37:49.636Z"}
{"level":"info","message":"Database connected successfully","timestamp":"2024-10-03T13:37:49.736Z"}
{"level":"info","message":"Server will run on port: 3002","timestamp":"2024-10-03T13:38:01.117Z"}
{"level":"info","message":"Server running on http://localhost:3002","timestamp":"2024-10-03T13:38:01.132Z"}
{"level":"info","message":"Database connected successfully","timestamp":"2024-10-03T13:38:01.213Z"}
{"level":"info","message":"Server will run on port: 3002","timestamp":"2024-10-03T13:38:07.481Z"}
{"level":"info","message":"Server running on http://localhost:3002","timestamp":"2024-10-03T13:38:07.495Z"}
{"level":"info","message":"Database connected successfully","timestamp":"2024-10-03T13:38:07.555Z"}
{"level":"info","message":"Server will run on port: 3002","timestamp":"2024-10-03T13:38:22.680Z"}
{"level":"info","message":"Server running on http://localhost:3002","timestamp":"2024-10-03T13:38:22.691Z"}
{"level":"info","message":"Database connected successfully","timestamp":"2024-10-03T13:38:22.745Z"}
{"level":"info","message":"Server will run on port: 3002","timestamp":"2024-10-03T13:38:27.990Z"}
{"level":"info","message":"Server running on http://localhost:3002","timestamp":"2024-10-03T13:38:28.002Z"}
{"level":"info","message":"Database connected successfully","timestamp":"2024-10-03T13:38:28.062Z"}
{"level":"info","message":"Server will run on port: 3002","timestamp":"2024-10-03T13:38:47.688Z"}
{"level":"info","message":"Server running on http://localhost:3002","timestamp":"2024-10-03T13:38:47.699Z"}
{"level":"info","message":"Database connected successfully","timestamp":"2024-10-03T13:38:47.770Z"}
{"level":"info","message":"Server will run on port: 3002","timestamp":"2024-10-03T13:38:54.372Z"}
{"level":"info","message":"Server running on http://localhost:3002","timestamp":"2024-10-03T13:38:54.387Z"}
{"level":"info","message":"Database connected successfully","timestamp":"2024-10-03T13:38:54.459Z"}
{"level":"info","message":"Server will run on port: 3002","timestamp":"2024-10-03T13:38:58.963Z"}
{"level":"info","message":"Server running on http://localhost:3002","timestamp":"2024-10-03T13:38:59.024Z"}
{"level":"info","message":"Database connected successfully","timestamp":"2024-10-03T13:38:59.168Z"}
{"level":"info","message":"Server will run on port: 3002","timestamp":"2024-10-03T13:39:03.373Z"}
{"level":"info","message":"Server running on http://localhost:3002","timestamp":"2024-10-03T13:39:03.387Z"}
{"level":"info","message":"Database connected successfully","timestamp":"2024-10-03T13:39:03.448Z"}
{"level":"info","message":"Server will run on port: 3002","timestamp":"2024-10-03T13:39:08.918Z"}
{"level":"info","message":"Server running on http://localhost:3002","timestamp":"2024-10-03T13:39:08.930Z"}
{"level":"info","message":"Database connected successfully","timestamp":"2024-10-03T13:39:08.988Z"}
{"level":"info","message":"Server will run on port: 3002","timestamp":"2024-10-03T13:40:45.675Z"}
{"level":"info","message":"Server running on http://localhost:3002","timestamp":"2024-10-03T13:40:45.701Z"}
{"level":"info","message":"Database connected successfully","timestamp":"2024-10-03T13:40:45.780Z"}
{"level":"info","message":"Server will run on port: 3002","timestamp":"2024-10-03T13:40:50.953Z"}
{"level":"info","message":"Server running on http://localhost:3002","timestamp":"2024-10-03T13:40:50.964Z"}
{"level":"info","message":"Database connected successfully","timestamp":"2024-10-03T13:40:51.036Z"}
{"level":"info","message":"Server will run on port: 3002","timestamp":"2024-10-03T13:40:55.702Z"}
{"level":"info","message":"Server running on http://localhost:3002","timestamp":"2024-10-03T13:40:55.837Z"}
{"level":"info","message":"Database connected successfully","timestamp":"2024-10-03T13:40:55.969Z"}
{"level":"info","message":"Server will run on port: 3002","timestamp":"2024-10-03T13:41:00.252Z"}
{"level":"info","message":"Server running on http://localhost:3002","timestamp":"2024-10-03T13:41:00.265Z"}
{"level":"info","message":"Database connected successfully","timestamp":"2024-10-03T13:41:00.331Z"}
{"level":"info","message":"Server will run on port: 3002","timestamp":"2024-10-03T13:41:07.787Z"}
{"level":"info","message":"Server running on http://localhost:3002","timestamp":"2024-10-03T13:41:07.808Z"}
{"level":"info","message":"Database connected successfully","timestamp":"2024-10-03T13:41:07.882Z"}
{"level":"info","message":"Server will run on port: 3002","timestamp":"2024-10-03T13:41:22.481Z"}
{"level":"info","message":"Server running on http://localhost:3002","timestamp":"2024-10-03T13:41:22.492Z"}
{"level":"info","message":"Database connected successfully","timestamp":"2024-10-03T13:41:22.531Z"}
{"level":"info","message":"Server will run on port: 3002","timestamp":"2024-10-03T13:42:07.981Z"}
{"level":"info","message":"Server running on http://localhost:3002","timestamp":"2024-10-03T13:42:07.994Z"}
{"level":"info","message":"Database connected successfully","timestamp":"2024-10-03T13:42:08.052Z"}
{"level":"info","message":"Server will run on port: 3002","timestamp":"2024-10-03T13:42:13.748Z"}
{"level":"info","message":"Server running on http://localhost:3002","timestamp":"2024-10-03T13:42:13.758Z"}
{"level":"info","message":"Database connected successfully","timestamp":"2024-10-03T13:42:13.805Z"}
{"level":"info","message":"Server will run on port: 3002","timestamp":"2024-10-03T13:44:41.310Z"}
{"level":"info","message":"Server running on http://localhost:3002","timestamp":"2024-10-03T13:44:41.318Z"}
{"level":"info","message":"Database connected successfully","timestamp":"2024-10-03T13:44:41.362Z"}
{"level":"info","message":"Server will run on port: 3002","timestamp":"2024-10-03T13:47:03.742Z"}
{"level":"info","message":"Server running on http://localhost:3002","timestamp":"2024-10-03T13:47:03.753Z"}
{"level":"info","message":"Database connected successfully","timestamp":"2024-10-03T13:47:03.815Z"}
{"level":"info","message":"Server will run on port: 3002","timestamp":"2024-10-03T13:47:13.853Z"}
{"level":"info","message":"Server running on http://localhost:3002","timestamp":"2024-10-03T13:47:13.872Z"}
{"level":"info","message":"Database connected successfully","timestamp":"2024-10-03T13:47:13.962Z"}
{"level":"info","message":"Server will run on port: 3002","timestamp":"2024-10-03T13:47:22.052Z"}
{"level":"info","message":"Server running on http://localhost:3002","timestamp":"2024-10-03T13:47:22.062Z"}
{"level":"info","message":"Database connected successfully","timestamp":"2024-10-03T13:47:22.121Z"}
{"level":"info","message":"Server will run on port: 3002","timestamp":"2024-10-03T13:47:28.936Z"}
{"level":"info","message":"Server running on http://localhost:3002","timestamp":"2024-10-03T13:47:28.945Z"}
{"level":"info","message":"Database connected successfully","timestamp":"2024-10-03T13:47:28.987Z"}
{"level":"info","message":"Server will run on port: 3002","timestamp":"2024-10-03T13:47:36.432Z"}
{"level":"info","message":"Server running on http://localhost:3002","timestamp":"2024-10-03T13:47:36.439Z"}
{"level":"info","message":"Database connected successfully","timestamp":"2024-10-03T13:47:36.489Z"}
{"level":"info","message":"Server will run on port: 3001","timestamp":"2024-10-04T06:01:04.152Z"}
{"level":"info","message":"Server running on http://localhost:3001","timestamp":"2024-10-04T06:01:04.167Z"}
{"level":"info","message":"Database connected successfully","timestamp":"2024-10-04T06:01:04.202Z"}
{"level":"info","message":"Server will run on port: 3001","timestamp":"2024-10-04T06:02:11.277Z"}
{"level":"info","message":"Server running on http://localhost:3001","timestamp":"2024-10-04T06:02:11.296Z"}
{"level":"info","message":"Database connected successfully","timestamp":"2024-10-04T06:02:11.382Z"}
{"level":"info","message":"Server will run on port: 3001","timestamp":"2024-10-04T06:09:17.695Z"}
{"level":"info","message":"Server running on http://localhost:3001","timestamp":"2024-10-04T06:09:17.710Z"}
{"level":"info","message":"Database connected successfully","timestamp":"2024-10-04T06:09:17.772Z"}
{"level":"info","message":"Server will run on port: 3001","timestamp":"2024-10-04T06:11:11.184Z"}
{"level":"info","message":"Server running on http://localhost:3001","timestamp":"2024-10-04T06:11:11.211Z"}
{"level":"info","message":"Database connected successfully","timestamp":"2024-10-04T06:11:11.273Z"}
{"level":"info","message":"Server will run on port: 3001","timestamp":"2024-10-04T06:11:22.260Z"}
{"level":"info","message":"Server running on http://localhost:3001","timestamp":"2024-10-04T06:11:22.273Z"}
{"level":"info","message":"Database connected successfully","timestamp":"2024-10-04T06:11:22.305Z"}
{"level":"info","message":"Server will run on port: 3001","timestamp":"2024-10-04T06:11:33.218Z"}
{"level":"info","message":"Server running on http://localhost:3001","timestamp":"2024-10-04T06:11:33.235Z"}
{"level":"info","message":"Database connected successfully","timestamp":"2024-10-04T06:11:33.283Z"}
{"level":"info","message":"Server will run on port: 3001","timestamp":"2024-10-04T06:12:31.810Z"}
{"level":"info","message":"Server running on http://localhost:3001","timestamp":"2024-10-04T06:12:31.825Z"}
{"level":"info","message":"Database connected successfully","timestamp":"2024-10-04T06:12:31.868Z"}
{"level":"info","message":"Server will run on port: 3001","timestamp":"2024-10-04T06:31:48.572Z"}
{"level":"info","message":"Server running on http://localhost:3001","timestamp":"2024-10-04T06:31:48.587Z"}
{"level":"info","message":"Database connected successfully","timestamp":"2024-10-04T06:31:48.643Z"}
{"level":"info","message":"Incoming request: POST /api/login","timestamp":"2024-10-04T06:31:54.595Z"}
{"level":"info","message":"Server will run on port: 3001","timestamp":"2024-10-04T06:35:22.578Z"}
{"level":"info","message":"Server running on http://localhost:3001","timestamp":"2024-10-04T06:35:22.591Z"}
{"level":"info","message":"Database connected successfully","timestamp":"2024-10-04T06:35:22.655Z"}
{"level":"info","message":"Server will run on port: 3001","timestamp":"2024-10-04T06:35:50.511Z"}
{"level":"info","message":"Server will run on port: 3001","timestamp":"2024-10-04T06:36:17.486Z"}
{"level":"info","message":"Server running on http://localhost:3001","timestamp":"2024-10-04T06:36:17.498Z"}
{"level":"info","message":"Database connected successfully","timestamp":"2024-10-04T06:36:17.551Z"}
{"level":"info","message":"Incoming request: POST /api/login","timestamp":"2024-10-04T06:36:25.562Z"}
{"level":"info","message":"Server will run on port: 3003","timestamp":"2024-10-04T07:31:38.759Z"}
{"level":"info","message":"Server running on http://localhost:3003","timestamp":"2024-10-04T07:31:38.768Z"}
{"level":"info","message":"Incoming request: POST /api/register","timestamp":"2024-10-04T07:31:56.609Z"}
{"level":"info","message":"Server will run on port: 3003","timestamp":"2024-10-04T07:32:07.804Z"}
{"level":"info","message":"Server running on http://localhost:3003","timestamp":"2024-10-04T07:32:07.821Z"}
{"level":"info","message":"Incoming request: POST /api/register","timestamp":"2024-10-04T07:32:10.841Z"}
{"level":"info","message":"Server will run on port: 3003","timestamp":"2024-10-04T07:33:49.302Z"}
{"level":"info","message":"Server running on http://localhost:3003","timestamp":"2024-10-04T07:33:49.314Z"}
{"level":"info","message":"Incoming request: GET /","timestamp":"2024-10-04T07:33:55.227Z"}
